Build started 22.01.2017 21:06:30.
     1>Project "C:\Users\Администратор\Documents\GitHub\Fifthlab\lab_5\lab_5.vcxproj" on node 2 (Build target(s)).
     1>ClCompile:
         C:\Program Files\Microsoft Visual Studio 14.0\VC\bin\CL.exe /c /ZI /nologo /W3 /WX- /sdl /Od /Oy- /D _MBCS /Gm /EHsc /RTC1 /MDd /GS /fp:precise /Zc:wchar_t /Zc:forScope /Zc:inline /Fo"Debug\\" /Fd"Debug\vc140.pdb" /Gd /TP /analyze- /errorReport:prompt hash.cpp
         hash.cpp
     1>c:\users\администратор\documents\github\fifthlab\lab_5\hash.cpp(74): warning C4715: 'menu_realiz<int,int>': not all control paths return a value
     1>c:\users\администратор\documents\github\fifthlab\lab_5\hash.cpp(74): warning C4715: 'menu_realiz<int,double>': not all control paths return a value
     1>c:\users\администратор\documents\github\fifthlab\lab_5\hash.cpp(74): warning C4715: 'menu_realiz<int,std::basic_string<char,std::char_traits<char>,std::allocator<char> > >': not all control paths return a value
     1>c:\users\администратор\documents\github\fifthlab\lab_5\hash.cpp(74): warning C4715: 'menu_realiz<double,double>': not all control paths return a value
     1>c:\users\администратор\documents\github\fifthlab\lab_5\hash.cpp(74): warning C4715: 'menu_realiz<double,int>': not all control paths return a value
     1>c:\users\администратор\documents\github\fifthlab\lab_5\hash.cpp(74): warning C4715: 'menu_realiz<double,std::basic_string<char,std::char_traits<char>,std::allocator<char> > >': not all control paths return a value
     1>c:\users\администратор\documents\github\fifthlab\lab_5\hash.cpp(74): warning C4715: 'menu_realiz<std::basic_string<char,std::char_traits<char>,std::allocator<char> >,int>': not all control paths return a value
     1>c:\users\администратор\documents\github\fifthlab\lab_5\hash.cpp(74): warning C4715: 'menu_realiz<std::basic_string<char,std::char_traits<char>,std::allocator<char> >,double>': not all control paths return a value
     1>c:\users\администратор\documents\github\fifthlab\lab_5\hash.cpp(74): warning C4715: 'menu_realiz<std::basic_string<char,std::char_traits<char>,std::allocator<char> >,std::basic_string<char,std::char_traits<char>,std::allocator<char> > >': not all control paths return a value
       Link:
         C:\Program Files\Microsoft Visual Studio 14.0\VC\bin\link.exe /ERRORREPORT:PROMPT /OUT:"C:\Users\Администратор\Documents\GitHub\Fifthlab\Debug\lab_5.exe" /INCREMENTAL /NOLOGO kernel32.lib user32.lib gdi32.lib winspool.lib comdlg32.lib advapi32.lib shell32.lib ole32.lib oleaut32.lib uuid.lib odbc32.lib odbccp32.lib /MANIFEST /MANIFESTUAC:"level='asInvoker' uiAccess='false'" /manifest:embed /Debug /PDB:"C:\Users\Администратор\Documents\GitHub\Fifthlab\Debug\lab_5.pdb" /TLBID:1 /DYNAMICBASE /NXCOMPAT /IMPLIB:"C:\Users\Администратор\Documents\GitHub\Fifthlab\Debug\lab_5.lib" /MACHINE:X86 Debug\hash.obj
         lab_5.vcxproj -> C:\Users\Администратор\Documents\GitHub\Fifthlab\Debug\lab_5.exe
     1>Done Building Project "C:\Users\Администратор\Documents\GitHub\Fifthlab\lab_5\lab_5.vcxproj" (Build target(s)).

Build succeeded.

Time Elapsed 00:00:02.76
